b7b96818-9799-41c4-a277-6bb72af1d8da	400	{"code":-1,"message":"账户状态不支持","url":"/graphql","date":"7/1/2026 10:02:40 PM"}
27b770ec-37a5-44ce-9810-6d6a40ef69d9	400	{"code":-1,"message":"账户状态不支持","url":"/graphql","date":"7/1/2026 10:02:46 PM"}
d51b0a83-dc28-47b6-990d-62afeb2f572e	400	{"code":-1,"message":"账户状态不支持","url":"/graphql","date":"7/1/2026 10:02:52 PM"}
7add4e20-4e47-4fab-965f-d8da48b99684	400	{"code":-1,"message":"账户状态不支持","url":"/graphql","date":"7/1/2026 10:02:53 PM"}
60dac923-cc24-4a52-a8ea-90d04e5e3a99	400	{"code":-1,"message":"账户状态不支持","url":"/graphql","date":"7/1/2026 10:03:04 PM"}
746322df-38c8-49dd-a44b-59ceb4791b47	400	{"code":-1,"message":"账户状态不支持","url":"/graphql","date":"7/1/2026 10:03:05 PM"}
6408d002-df29-4d04-a929-1695a4712f2f	400	{"code":-1,"message":"账户状态不支持","url":"/graphql","date":"7/1/2026 10:03:16 PM"}
ffc17066-d9a9-406c-adb8-f09bac6a8156	400	{"code":-1,"message":"账户状态不支持","url":"/graphql","date":"7/1/2026 10:03:17 PM"}
a69a6f8b-fb6c-4311-bd8e-3335bbe6cd90	400	{"code":-1,"message":"账户状态不支持","url":"/graphql","date":"7/1/2026 10:03:22 PM"}
88227e9e-741d-4fdc-92dc-5a6b956d4670	400	{"code":-1,"message":"账户状态不支持","url":"/graphql","date":"7/1/2026 10:03:23 PM"}
89a6b099-4968-4feb-b48b-8c58b18ff244	400	{"code":-1,"message":"账户状态不支持","url":"/graphql","date":"7/1/2026 10:03:24 PM"}
c870a5c0-5bdd-4710-b086-68dd9c0cb7a7	400	{"code":-1,"message":"账户状态不支持","url":"/graphql","date":"7/1/2026 10:03:55 PM"}
1ec26af2-6a78-40da-9b9f-9001fa26529b	400	{"code":-1,"message":"账户状态不支持","url":"/graphql","date":"7/1/2026 10:04:05 PM"}
cfb1a649-f6c8-4845-8a2b-3a02a4eaa6a4	400	{"code":-1,"message":"账户状态不支持","url":"/graphql","date":"7/1/2026 10:04:30 PM"}
8e9b5f73-f7de-48fa-9bd9-51ceeeed9157	400	{"code":-1,"message":"账户状态不支持","url":"/graphql","date":"7/1/2026 10:04:41 PM"}
4a4849e7-88e4-44ff-8db3-769d95c181dd	400	{"code":-1,"message":"账户状态不支持","url":"/graphql","date":"7/1/2026 10:04:47 PM"}
bb113364-99d0-4abd-bdfd-b01eae78af04	400	{"code":-1,"message":"账户状态不支持","url":"/graphql","date":"7/1/2026 10:04:48 PM"}
ea0608b1-4c93-4627-a8e2-f1be5ec831e4	400	{"code":-1,"message":"账户状态不支持","url":"/graphql","date":"7/1/2026 10:04:54 PM"}
a41f17e5-f212-4380-8d18-2e0b570a59fa	400	{"code":-1,"message":"账户状态不支持","url":"/graphql","date":"7/1/2026 10:05:05 PM"}
54d9f09f-7345-469f-bc49-2e8a61813419	400	{"code":-1,"message":"账户状态不支持","url":"/graphql","date":"7/1/2026 10:05:27 PM"}
a1f34310-1873-44ef-abea-7d461ec07f99	400	{"code":-1,"message":"账户状态不支持","url":"/graphql","date":"7/1/2026 10:05:37 PM"}
4a3fc350-b6fa-4c21-93e5-7eb4f608815b	400	{"code":32007,"message":"该主体名称已存在","url":"/graphql","date":"7/1/2026 10:05:39 PM"}
a81d1c83-1ffc-4344-a4b5-a702fcda3620	400	{"code":-1,"message":"账户状态不支持","url":"/graphql","date":"7/1/2026 10:05:40 PM"}
154e83ed-f280-4781-bea8-97a863fc9c7f	400	{"code":-1,"message":"当前年审只支持Qbit用户","url":"/graphql","date":"7/1/2026 10:06:18 PM"}
e856b212-af21-426e-a822-eebc1b36c7dc	400	{"code":-1,"message":"账户状态不支持","url":"/graphql","date":"7/1/2026 10:06:19 PM"}
bf66c137-d233-4ec5-bcfa-f1a5306c27ed	400	{"code":-1,"message":"账户状态不支持","url":"/graphql","date":"7/1/2026 10:06:20 PM"}
21d33f6f-0191-4df1-b003-1f9a00ea3c0f	400	{"code":-1,"message":"账户状态不支持","url":"/graphql","date":"7/1/2026 10:06:21 PM"}
ff2b6e7a-43d3-4a9f-b49f-14a5a1569cb3	400	{"code":-1,"message":"账户状态不支持","url":"/graphql","date":"7/1/2026 10:06:27 PM"}
7892f088-1404-42d0-b3f6-040afbeda124	400	{"code":-1,"message":"账户状态不支持","url":"/graphql","date":"7/1/2026 10:06:29 PM"}
4d8c3c55-3736-4f18-9b81-807872c99671	400	{"code":-1,"message":"账户状态不支持","url":"/graphql","date":"7/1/2026 10:06:35 PM"}
741404d3-bcf3-4d42-984a-2397e5ab5b8c	400	{"code":-1,"message":"账户状态不支持","url":"/graphql","date":"7/1/2026 10:07:34 PM"}
be6ada9a-4e42-4345-b330-3a356104021d	400	{"code":-1,"message":"账户状态不支持","url":"/graphql","date":"7/1/2026 10:07:35 PM"}
aabd8246-8ace-4eb6-a6e2-e86b142c71c9	400	{"code":-1,"message":"当前年审只支持Qbit用户","url":"/graphql","date":"7/1/2026 10:07:36 PM"}
